
> taxonomy@0.2.0 build C:\Users\ismae\Desktop\Emprendimiento y Gesti├│n\taxonomy
> contentlayer build && next build

Warning: Contentlayer might not work as expected on Windows
Generated 15 documents in .contentlayer
TypeError: The "code" argument must be of type number. Received an instance of Object
    at process.set [as exitCode] (node:internal/bootstrap/node:119:9)
    at Cli.runExit (C:\Users\ismae\Desktop\Emprendimiento y Gesti├│n\taxonomy\node_modules\.pnpm\clipanion@3.2.1_typanion@3.14.0\node_modules\clipanion\lib\advanced\Cli.js:232:26)
    at run (file:///C:/Users/ismae/Desktop/Emprendimiento%20y%20Gesti%C3%B3n/taxonomy/node_modules/.pnpm/@contentlayer+cli@0.3.4_esbuild@0.18.20/node_modules/@contentlayer/cli/dist/index.js:26:5)
    at main (C:\Users\ismae\Desktop\Emprendimiento y Gesti├│n\taxonomy\node_modules\.pnpm\contentlayer@0.3.4_esbuild@0.18.20\node_modules\contentlayer\bin\cli.cjs:5:3) {
  code: 'ERR_INVALID_ARG_TYPE'
}
info  - Loaded env from C:\Users\ismae\Desktop\Emprendimiento y Gesti├│n\taxonomy\.env.local
pnpm : warn  - You 
have enabled 
experimental 
features (appDir, se
rverComponentsExtern
alPackages) in 
next.config.mjs.
En línea: 1 
Carácter: 1
+ pnpm build > 
build_path_fix.log 
2>&1
+ ~~~~~~~~~~~~~~~~~~
~~~~~~~~~~~~~~~~~~
    + CategoryInfo  
            : NotS  
  pecified: (warn   
   - You hav...e    
xt.config.mjs.:    
String) [], Rem    
oteException
    + FullyQualifie 
   dErrorId : Nati  
  veCommandError
 
warn  - 
Experimental 
features are not 
covered by semver, 
and may cause 
unexpected or 
broken application 
behavior. Use at 
your own risk.
info  - Thank you for testing `appDir` please leave your feedback at https://nextjs.link/app-feedback

info  - Creating an optimized production build...
Warning: Contentlayer might not work as expected on Windows
Generated 15 documents in .contentlayer
<w> [webpack.cache.P
ackFileCacheStrategy
/webpack.FileSystemI
nfo] Parsing of C:\U
sers\ismae\Desktop\E
mprendimiento y Gest
i├│n\taxonomy\node_m
odules\.pnpm\@conten
tlayer+core@0.3.4_es
build@0.18.20\node_m
odules\@contentlayer
\core\dist\dynamic-b
uild.js for build 
dependencies failed 
at 'import(`file://$
{compiledConfigPath}
`)'.
<w> Build 
dependencies behind 
this expression are 
ignored and might 
cause incorrect 
cache invalidation.
<w> [webpack.cache.P
ackFileCacheStrategy
/webpack.FileSystemI
nfo] Parsing of C:\U
sers\ismae\Desktop\E
mprendimiento y Gest
i├│n\taxonomy\node_m
odules\.pnpm\@conten
tlayer+core@0.3.4_es
build@0.18.20\node_m
odules\@contentlayer
\core\dist\getConfig
\index.js for build 
dependencies failed 
at 'import(`file://$
{modulePath}?x=${Dat
e.now()}`)'.
<w> Build 
dependencies behind 
this expression are 
ignored and might 
cause incorrect 
cache invalidation.
<w> [webpack.cache.P
ackFileCacheStrategy
/webpack.FileSystemI
nfo] Parsing of C:\U
sers\ismae\Desktop\E
mprendimiento y Gest
i├│n\taxonomy\node_m
odules\.pnpm\@conten
tlayer+core@0.3.4_es
build@0.18.20\node_m
odules\@contentlayer
\core\dist\generatio
n\generate-dotpkg.js
 for build 
dependencies failed 
at 'import(filePathJ
oin(generatedPkgPath
, 'generated', 
'index.mjs'))'.
<w> Build 
dependencies behind 
this expression are 
ignored and might 
cause incorrect 
cache invalidation.
<w> [webpack.cache.P
ackFileCacheStrategy
] Caching failed 
for pack: Error: 
Can't resolve 'markd
own-wasm/dist/markdo
wn.node.js' in 'C:\U
sers\ismae\Desktop\E
mprendimiento y Gest
i├│n\taxonomy\node_m
odules\.pnpm\@conten
tlayer+core@0.3.4_es
build@0.18.20\node_m
odules\@contentlayer
\core\dist\markdown'
<w> while resolving 
'markdown-wasm/dist/
markdown.node.js' 
in C:\Users\ismae\De
sktop\Emprendimiento
 y Gesti├│n\taxonomy
\node_modules\.pnpm\
@contentlayer+core@0
.3.4_esbuild@0.18.20
\node_modules\@conte
ntlayer\core\dist\ma
rkdown as file
<w>  at resolve esm 
file markdown-wasm/d
ist/markdown.node.js
<w>  at file 
dependencies C:\User
s\ismae\Desktop\Empr
endimiento y Gesti├│
n\taxonomy\node_modu
les\.pnpm\@contentla
yer+core@0.3.4_esbui
ld@0.18.20\node_modu
les\@contentlayer\co
re\dist\markdown\mar
kdown.js
<w>  at file C:\User
s\ismae\Desktop\Empr
endimiento y Gesti├│
n\taxonomy\node_modu
les\.pnpm\@contentla
yer+core@0.3.4_esbui
ld@0.18.20\node_modu
les\@contentlayer\co
re\dist\markdown\mar
kdown.js
<w>  at resolve esm 
file ./markdown/mark
down.js
<w>  at file 
dependencies C:\User
s\ismae\Desktop\Empr
endimiento y Gesti├│
n\taxonomy\node_modu
les\.pnpm\@contentla
yer+core@0.3.4_esbui
ld@0.18.20\node_modu
les\@contentlayer\co
re\dist\index.js
<w>  at file C:\User
s\ismae\Desktop\Empr
endimiento y Gesti├│
n\taxonomy\node_modu
les\.pnpm\@contentla
yer+core@0.3.4_esbui
ld@0.18.20\node_modu
les\@contentlayer\co
re\dist\index.js
<w>  at resolve esm 
file 
@contentlayer/core
<w>  at file 
dependencies C:\User
s\ismae\Desktop\Empr
endimiento y Gesti├│
n\taxonomy\node_modu
les\.pnpm\next-conte
ntlayer@0.3.4_con_00
82d1a33c0dd2e074a369
10983ce79b\node_modu
les\next-contentlaye
r\dist\plugin.js
<w>  at file C:\User
s\ismae\Desktop\Empr
endimiento y Gesti├│
n\taxonomy\node_modu
les\.pnpm\next-conte
ntlayer@0.3.4_con_00
82d1a33c0dd2e074a369
10983ce79b\node_modu
les\next-contentlaye
r\dist\plugin.js
<w>  at resolve esm 
file ./plugin.js
<w>  at file 
dependencies C:\User
s\ismae\Desktop\Empr
endimiento y Gesti├│
n\taxonomy\node_modu
les\.pnpm\next-conte
ntlayer@0.3.4_con_00
82d1a33c0dd2e074a369
10983ce79b\node_modu
les\next-contentlaye
r\dist\index.js
<w>  at file C:\User
s\ismae\Desktop\Empr
endimiento y Gesti├│
n\taxonomy\node_modu
les\.pnpm\next-conte
ntlayer@0.3.4_con_00
82d1a33c0dd2e074a369
10983ce79b\node_modu
les\next-contentlaye
r\dist\index.js
<w>  at resolve esm 
file 
next-contentlayer
<w>  at file 
dependencies C:\User
s\ismae\Desktop\Empr
endimiento y Gesti├│
n\taxonomy\next.conf
ig.mjs
<w>  at file C:\User
s\ismae\Desktop\Empr
endimiento y Gesti├│
n\taxonomy\next.conf
ig.mjs
<w>  at resolve 
commonjs C:\Users\is
mae\Desktop\Emprendi
miento y Gesti├│n\ta
xonomy\next.config.m
js
